Executing tasks: [:app:clean, :app:assembleDebug] in project /Users/useraccount/AndroidStudioProjects/guideme2

AGPBI: {"kind":"warning","text":"We recommend using a newer Android Gradle plugin to use compileSdk = 34\n\nThis Android Gradle plugin (7.2.2) was tested up to compileSdk = 33\n\nThis warning can be suppressed by adding\n    android.suppressUnsupportedCompileSdk=34\nto this project's gradle.properties\n\nThe build will continue, but you are strongly encouraged to update your project to\nuse a newer Android Gradle Plugin that has been tested with compileSdk = 34","sources":[{}]}
> Task :app:clean UP-TO-DATE
> Task :app:preBuild UP-TO-DATE
> Task :app:preDebugBuild UP-TO-DATE
> Task :app:mergeDebugNativeDebugMetadata NO-SOURCE
> Task :app:compileDebugAidl NO-SOURCE
> Task :app:compileDebugRenderscript NO-SOURCE
> Task :app:generateDebugBuildConfig
> Task :app:javaPreCompileDebug
> Task :app:checkDebugAarMetadata FAILED
> Task :app:generateDebugResValues
> Task :app:generateDebugResources
> Task :app:mergeDebugResources FAILED
> Task :app:packageDebugResources

> Task :app:parseDebugLocalResources FAILED
[Fatal Error] fragment_mrz_scanner.xml:2:6: The processing instruction target matching "[xX][mM][lL]" is not allowed.

> Task :app:createDebugCompatibleScreenManifests
> Task :app:extractDeepLinksDebug
> Task :app:processDebugMainManifest FAILED
> Task :app:mergeDebugShaders
> Task :app:compileDebugShaders NO-SOURCE
> Task :app:generateDebugAssets UP-TO-DATE
> Task :app:mergeDebugAssets FAILED
> Task :app:processDebugJavaRes NO-SOURCE
> Task :app:checkDebugDuplicateClasses FAILED
> Task :app:desugarDebugFileDependencies FAILED
> Task :app:mergeDebugJniLibFolders
> Task :app:mergeDebugNativeLibs FAILED
> Task :app:validateSigningDebug
> Task :app:writeDebugAppMetadata
> Task :app:writeDebugSigningConfigVersions

FAILURE: Build completed with 8 failures.

1: Task failed with an exception.
-----------
* What went wrong:
Execution failed for task ':app:checkDebugAarMetadata'.
> Could not resolve all files for configuration ':app:debugRuntimeClasspath'.
   > Could not find org.opencv:opencv-android:4.7.0.
     Searched in the following locations:
       - https://dl.google.com/dl/android/maven2/org/opencv/opencv-android/4.7.0/opencv-android-4.7.0.pom
       - https://jitpack.io/org/opencv/opencv-android/4.7.0/opencv-android-4.7.0.pom
       - https://repo.maven.apache.org/maven2/org/opencv/opencv-android/4.7.0/opencv-android-4.7.0.pom
     Required by:
         project :app

* Try:
> Run with --stacktrace option to get the stack trace.
> Run with --info or --debug option to get more log output.
> Run with --scan to get full insights.
==============================================================================

2: Task failed with an exception.
-----------
* What went wrong:
Execution failed for task ':app:mergeDebugResources'.
> Could not resolve all files for configuration ':app:debugRuntimeClasspath'.
   > Could not find org.opencv:opencv-android:4.7.0.
     Searched in the following locations:
       - https://dl.google.com/dl/android/maven2/org/opencv/opencv-android/4.7.0/opencv-android-4.7.0.pom
       - https://jitpack.io/org/opencv/opencv-android/4.7.0/opencv-android-4.7.0.pom
       - https://repo.maven.apache.org/maven2/org/opencv/opencv-android/4.7.0/opencv-android-4.7.0.pom
     Required by:
         project :app

* Try:
> Run with --stacktrace option to get the stack trace.
> Run with --info or --debug option to get more log output.
> Run with --scan to get full insights.
==============================================================================

3: Task failed with an exception.
-----------
* What went wrong:
Execution failed for task ':app:parseDebugLocalResources'.
> A failure occurred while executing com.android.build.gradle.internal.res.ParseLibraryResourcesTask$ParseResourcesRunnable
   > Failed to parse XML file '/Users/useraccount/AndroidStudioProjects/guideme2/app/build/intermediates/packaged_res/debug/layout/fragment_mrz_scanner.xml'

* Try:
> Run with --stacktrace option to get the stack trace.
> Run with --info or --debug option to get more log output.
> Run with --scan to get full insights.
==============================================================================

4: Task failed with an exception.
-----------
* What went wrong:
Execution failed for task ':app:processDebugMainManifest'.
> Could not resolve all files for configuration ':app:debugRuntimeClasspath'.
   > Could not find org.opencv:opencv-android:4.7.0.
     Searched in the following locations:
       - https://dl.google.com/dl/android/maven2/org/opencv/opencv-android/4.7.0/opencv-android-4.7.0.pom
       - https://jitpack.io/org/opencv/opencv-android/4.7.0/opencv-android-4.7.0.pom
       - https://repo.maven.apache.org/maven2/org/opencv/opencv-android/4.7.0/opencv-android-4.7.0.pom
     Required by:
         project :app

* Try:
> Run with --stacktrace option to get the stack trace.
> Run with --info or --debug option to get more log output.
> Run with --scan to get full insights.
==============================================================================

5: Task failed with an exception.
-----------
* What went wrong:
Execution failed for task ':app:mergeDebugAssets'.
> Could not resolve all files for configuration ':app:debugRuntimeClasspath'.
   > Could not find org.opencv:opencv-android:4.7.0.
     Searched in the following locations:
       - https://dl.google.com/dl/android/maven2/org/opencv/opencv-android/4.7.0/opencv-android-4.7.0.pom
       - https://jitpack.io/org/opencv/opencv-android/4.7.0/opencv-android-4.7.0.pom
       - https://repo.maven.apache.org/maven2/org/opencv/opencv-android/4.7.0/opencv-android-4.7.0.pom
     Required by:
         project :app

* Try:
> Run with --stacktrace option to get the stack trace.
> Run with --info or --debug option to get more log output.
> Run with --scan to get full insights.
==============================================================================

6: Task failed with an exception.
-----------
* What went wrong:
Execution failed for task ':app:checkDebugDuplicateClasses'.
> Could not resolve all files for configuration ':app:debugRuntimeClasspath'.
   > Could not find org.opencv:opencv-android:4.7.0.
     Searched in the following locations:
       - https://dl.google.com/dl/android/maven2/org/opencv/opencv-android/4.7.0/opencv-android-4.7.0.pom
       - https://jitpack.io/org/opencv/opencv-android/4.7.0/opencv-android-4.7.0.pom
       - https://repo.maven.apache.org/maven2/org/opencv/opencv-android/4.7.0/opencv-android-4.7.0.pom
     Required by:
         project :app

* Try:
> Run with --stacktrace option to get the stack trace.
> Run with --info or --debug option to get more log output.
> Run with --scan to get full insights.
==============================================================================

7: Task failed with an exception.
-----------
* What went wrong:
Execution failed for task ':app:desugarDebugFileDependencies'.
> Could not resolve all files for configuration ':app:debugRuntimeClasspath'.
   > Could not find org.opencv:opencv-android:4.7.0.
     Searched in the following locations:
       - https://dl.google.com/dl/android/maven2/org/opencv/opencv-android/4.7.0/opencv-android-4.7.0.pom
       - https://jitpack.io/org/opencv/opencv-android/4.7.0/opencv-android-4.7.0.pom
       - https://repo.maven.apache.org/maven2/org/opencv/opencv-android/4.7.0/opencv-android-4.7.0.pom
     Required by:
         project :app

* Try:
> Run with --stacktrace option to get the stack trace.
> Run with --info or --debug option to get more log output.
> Run with --scan to get full insights.
==============================================================================

8: Task failed with an exception.
-----------
* What went wrong:
Execution failed for task ':app:mergeDebugNativeLibs'.
> Could not resolve all files for configuration ':app:debugRuntimeClasspath'.
   > Could not find org.opencv:opencv-android:4.7.0.
     Searched in the following locations:
       - https://dl.google.com/dl/android/maven2/org/opencv/opencv-android/4.7.0/opencv-android-4.7.0.pom
       - https://jitpack.io/org/opencv/opencv-android/4.7.0/opencv-android-4.7.0.pom
       - https://repo.maven.apache.org/maven2/org/opencv/opencv-android/4.7.0/opencv-android-4.7.0.pom
     Required by:
         project :app

* Try:
> Run with --stacktrace option to get the stack trace.
> Run with --info or --debug option to get more log output.
> Run with --scan to get full insights.
==============================================================================

* Get more help at https://help.gradle.org

BUILD FAILED in 902ms
20 actionable tasks: 19 executed, 1 up-to-date
